\BOOKMARK [0][-]{chapter.1}{\376\377\0001\000\040\000B\000u\000d\000d\000h\000i\000-\000P\000r\000a\000g\000a\000t\000i\000\040\000E\000x\000p\000e\000r\000i\000m\000e\000n\000t\000\040\000S\000c\000r\000i\000p\000t\000s}{}% 1
\BOOKMARK [1][-]{section.1.1}{\376\377\0001\000.\0001\000\040\000Q\000u\000i\000c\000k\000\040\000S\000t\000a\000r\000t}{chapter.1}% 2
\BOOKMARK [1][-]{section.1.2}{\376\377\0001\000.\0002\000\040\000S\000c\000r\000i\000p\000t\000s\000\040\000O\000v\000e\000r\000v\000i\000e\000w}{chapter.1}% 3
\BOOKMARK [2][-]{subsection.1.2.1}{\376\377\0001\000.\0002\000.\0001\000\040\000M\000a\000i\000n\000\040\000E\000x\000p\000e\000r\000i\000m\000e\000n\000t\000\040\000S\000c\000r\000i\000p\000t\000s}{section.1.2}% 4
\BOOKMARK [2][-]{subsection.1.2.2}{\376\377\0001\000.\0002\000.\0002\000\040\000U\000t\000i\000l\000i\000t\000y\000\040\000S\000c\000r\000i\000p\000t\000s}{section.1.2}% 5
\BOOKMARK [1][-]{section.1.3}{\376\377\0001\000.\0003\000\040\000U\000s\000a\000g\000e\000\040\000E\000x\000a\000m\000p\000l\000e\000s}{chapter.1}% 6
\BOOKMARK [2][-]{subsection.1.3.1}{\376\377\0001\000.\0003\000.\0001\000\040\000R\000u\000n\000\040\000A\000l\000l\000\040\000E\000x\000p\000e\000r\000i\000m\000e\000n\000t\000s}{section.1.3}% 7
\BOOKMARK [2][-]{subsection.1.3.2}{\376\377\0001\000.\0003\000.\0002\000\040\000R\000u\000n\000\040\000I\000n\000d\000i\000v\000i\000d\000u\000a\000l\000\040\000E\000x\000p\000e\000r\000i\000m\000e\000n\000t\000\040\000G\000r\000o\000u\000p\000s}{section.1.3}% 8
\BOOKMARK [2][-]{subsection.1.3.3}{\376\377\0001\000.\0003\000.\0003\000\040\000T\000e\000s\000t\000\040\000F\000i\000r\000s\000t\000\040\000\050\000R\000e\000c\000o\000m\000m\000e\000n\000d\000e\000d\000\051}{section.1.3}% 9
\BOOKMARK [2][-]{subsection.1.3.4}{\376\377\0001\000.\0003\000.\0004\000\040\000C\000u\000s\000t\000o\000m\000\040\000O\000p\000t\000i\000o\000n\000s}{section.1.3}% 10
\BOOKMARK [1][-]{section.1.4}{\376\377\0001\000.\0004\000\040\000E\000x\000p\000e\000r\000i\000m\000e\000n\000t\000\040\000T\000y\000p\000e\000s}{chapter.1}% 11
\BOOKMARK [2][-]{subsection.1.4.1}{\376\377\0001\000.\0004\000.\0001\000\040\000M\000a\000s\000t\000e\000r\000\040\000E\000x\000p\000e\000r\000i\000m\000e\000n\000t\000\040\000\050\0000\000\051}{section.1.4}% 12
\BOOKMARK [2][-]{subsection.1.4.2}{\376\377\0001\000.\0004\000.\0002\000\040\000F\000o\000c\000u\000s\000e\000d\000\040\000E\000x\000p\000e\000r\000i\000m\000e\000n\000t\000s\000\040\000\050\0002\000-\0007\000\051}{section.1.4}% 13
\BOOKMARK [2][-]{subsection.1.4.3}{\376\377\0001\000.\0004\000.\0003\000\040\000A\000n\000a\000l\000y\000s\000i\000s\000\040\000E\000x\000p\000e\000r\000i\000m\000e\000n\000t\000s\000\040\000\050\0001\000,\000\040\0008\000-\0001\0000\000\051}{section.1.4}% 14
\BOOKMARK [1][-]{section.1.5}{\376\377\0001\000.\0005\000\040\000O\000u\000t\000p\000u\000t}{chapter.1}% 15
\BOOKMARK [1][-]{section.1.6}{\376\377\0001\000.\0006\000\040\000R\000e\000q\000u\000i\000r\000e\000m\000e\000n\000t\000s}{chapter.1}% 16
\BOOKMARK [1][-]{section.1.7}{\376\377\0001\000.\0007\000\040\000C\000o\000n\000f\000i\000g\000u\000r\000a\000t\000i\000o\000n}{chapter.1}% 17
\BOOKMARK [1][-]{section.1.8}{\376\377\0001\000.\0008\000\040\000M\000o\000n\000i\000t\000o\000r\000i\000n\000g}{chapter.1}% 18
\BOOKMARK [0][-]{chapter.2}{\376\377\0002\000\040\000B\000u\000d\000d\000h\000i\000-\000P\000r\000a\000g\000a\000t\000i\000:\000\040\000C\000r\000o\000s\000s\000w\000o\000r\000d\000\040\000R\000e\000a\000s\000o\000n\000i\000n\000g\000\040\000B\000e\000n\000c\000h\000m\000a\000r\000k\000\040\000S\000y\000s\000t\000e\000m}{}% 19
\BOOKMARK [1][-]{section.2.1}{\376\377\0002\000.\0001\000\040\000P\000r\000o\000j\000e\000c\000t\000\040\000O\000v\000e\000r\000v\000i\000e\000w}{chapter.2}% 20
\BOOKMARK [2][-]{subsection.2.1.1}{\376\377\0002\000.\0001\000.\0001\000\040\000K\000e\000y\000\040\000F\000e\000a\000t\000u\000r\000e\000s}{section.2.1}% 21
\BOOKMARK [1][-]{section.2.2}{\376\377\0002\000.\0002\000\040\000A\000r\000c\000h\000i\000t\000e\000c\000t\000u\000r\000e\000\040\000O\000v\000e\000r\000v\000i\000e\000w}{chapter.2}% 22
\BOOKMARK [2][-]{subsection.2.2.1}{\376\377\0002\000.\0002\000.\0001\000\040\000M\000o\000d\000u\000l\000e\000\040\000I\000n\000t\000e\000r\000a\000c\000t\000i\000o\000n\000s}{section.2.2}% 23
\BOOKMARK [1][-]{section.2.3}{\376\377\0002\000.\0003\000\040\000M\000o\000d\000u\000l\000e\000\040\000D\000o\000c\000u\000m\000e\000n\000t\000a\000t\000i\000o\000n}{chapter.2}% 24
\BOOKMARK [2][-]{subsection.2.3.1}{\376\377\0002\000.\0003\000.\0001\000\040\000<\000t\000t\000>\000b\000u\000d\000d\000h\000i\000\137\000p\000r\000a\000g\000a\000t\000i\000/\000c\000o\000r\000e\000/\000<\000/\000t\000t\000>\000\040\000-\000\040\000B\000a\000s\000e\000\040\000I\000n\000t\000e\000r\000f\000a\000c\000e\000s}{section.2.3}% 25
\BOOKMARK [2][-]{subsection.2.3.2}{\376\377\0002\000.\0003\000.\0002\000\040\000<\000t\000t\000>\000b\000u\000d\000d\000h\000i\000\137\000p\000r\000a\000g\000a\000t\000i\000/\000d\000a\000t\000a\000/\000<\000/\000t\000t\000>\000\040\000-\000\040\000D\000a\000t\000a\000s\000e\000t\000\040\000C\000r\000e\000a\000t\000i\000o\000n\000\040\000P\000i\000p\000e\000l\000i\000n\000e}{section.2.3}% 26
\BOOKMARK [2][-]{subsection.2.3.3}{\376\377\0002\000.\0003\000.\0003\000\040\000<\000t\000t\000>\000b\000u\000d\000d\000h\000i\000\137\000p\000r\000a\000g\000a\000t\000i\000/\000m\000o\000d\000e\000l\000s\000/\000<\000/\000t\000t\000>\000\040\000-\000\040\000U\000n\000i\000f\000i\000e\000d\000\040\000M\000o\000d\000e\000l\000\040\000I\000n\000t\000e\000r\000f\000a\000c\000e}{section.2.3}% 27
\BOOKMARK [2][-]{subsection.2.3.4}{\376\377\0002\000.\0003\000.\0004\000\040\000<\000t\000t\000>\000b\000u\000d\000d\000h\000i\000\137\000p\000r\000a\000g\000a\000t\000i\000/\000g\000e\000n\000e\000r\000a\000t\000e\000/\000<\000/\000t\000t\000>\000\040\000-\000\040\000P\000u\000z\000z\000l\000e\000\040\000G\000e\000n\000e\000r\000a\000t\000i\000o\000n\000\040\000S\000y\000s\000t\000e\000m}{section.2.3}% 28
\BOOKMARK [2][-]{subsection.2.3.5}{\376\377\0002\000.\0003\000.\0005\000\040\000<\000t\000t\000>\000b\000u\000d\000d\000h\000i\000\137\000p\000r\000a\000g\000a\000t\000i\000/\000e\000v\000a\000l\000u\000a\000t\000e\000/\000<\000/\000t\000t\000>\000\040\000-\000\040\000E\000v\000a\000l\000u\000a\000t\000i\000o\000n\000\040\000a\000n\000d\000\040\000E\000x\000p\000e\000r\000i\000m\000e\000n\000t\000s}{section.2.3}% 29
\BOOKMARK [2][-]{subsection.2.3.6}{\376\377\0002\000.\0003\000.\0006\000\040\000<\000t\000t\000>\000b\000u\000d\000d\000h\000i\000\137\000p\000r\000a\000g\000a\000t\000i\000/\000u\000t\000i\000l\000s\000/\000<\000/\000t\000t\000>\000\040\000-\000\040\000C\000o\000n\000f\000i\000g\000u\000r\000a\000t\000i\000o\000n\000\040\000a\000n\000d\000\040\000U\000t\000i\000l\000i\000t\000i\000e\000s}{section.2.3}% 30
\BOOKMARK [2][-]{subsection.2.3.7}{\376\377\0002\000.\0003\000.\0007\000\040\000<\000t\000t\000>\000b\000u\000d\000d\000h\000i\000\137\000p\000r\000a\000g\000a\000t\000i\000/\000s\000c\000r\000i\000p\000t\000s\000/\000<\000/\000t\000t\000>\000\040\000-\000\040\000A\000u\000t\000o\000m\000a\000t\000i\000o\000n\000\040\000a\000n\000d\000\040\000B\000a\000t\000c\000h\000\040\000P\000r\000o\000c\000e\000s\000s\000i\000n\000g}{section.2.3}% 31
\BOOKMARK [1][-]{section.2.4}{\376\377\0002\000.\0004\000\040\000I\000n\000s\000t\000a\000l\000l\000a\000t\000i\000o\000n\000\040\000a\000n\000d\000\040\000S\000e\000t\000u\000p}{chapter.2}% 32
\BOOKMARK [2][-]{subsection.2.4.1}{\376\377\0002\000.\0004\000.\0001\000\040\000P\000r\000e\000r\000e\000q\000u\000i\000s\000i\000t\000e\000s}{section.2.4}% 33
\BOOKMARK [2][-]{subsection.2.4.2}{\376\377\0002\000.\0004\000.\0002\000\040\000I\000n\000s\000t\000a\000l\000l\000a\000t\000i\000o\000n}{section.2.4}% 34
\BOOKMARK [2][-]{subsection.2.4.3}{\376\377\0002\000.\0004\000.\0003\000\040\000C\000o\000n\000f\000i\000g\000u\000r\000a\000t\000i\000o\000n}{section.2.4}% 35
\BOOKMARK [1][-]{section.2.5}{\376\377\0002\000.\0005\000\040\000U\000s\000a\000g\000e\000\040\000G\000u\000i\000d\000e}{chapter.2}% 36
\BOOKMARK [2][-]{subsection.2.5.1}{\376\377\0002\000.\0005\000.\0001\000\040\000M\000a\000i\000n\000\040\000E\000x\000e\000c\000u\000t\000o\000r\000:\000\040\000<\000t\000t\000>\000r\000u\000n\000\137\000c\000r\000o\000s\000s\000w\000o\000r\000d\000\137\000b\000e\000n\000c\000h\000m\000a\000r\000k\000.\000p\000y\000<\000/\000t\000t\000>}{section.2.5}% 37
\BOOKMARK [3][-]{subsubsection.2.5.1.1}{\376\377\0002\000.\0005\000.\0001\000.\0001\000\040\000D\000a\000t\000a\000s\000e\000t\000\040\000C\000r\000e\000a\000t\000i\000o\000n}{subsection.2.5.1}% 38
\BOOKMARK [3][-]{subsubsection.2.5.1.2}{\376\377\0002\000.\0005\000.\0001\000.\0002\000\040\000P\000u\000z\000z\000l\000e\000\040\000G\000e\000n\000e\000r\000a\000t\000i\000o\000n}{subsection.2.5.1}% 39
\BOOKMARK [3][-]{subsubsection.2.5.1.3}{\376\377\0002\000.\0005\000.\0001\000.\0003\000\040\000L\000L\000M\000\040\000E\000v\000a\000l\000u\000a\000t\000i\000o\000n}{subsection.2.5.1}% 40
\BOOKMARK [3][-]{subsubsection.2.5.1.4}{\376\377\0002\000.\0005\000.\0001\000.\0004\000\040\000E\000x\000p\000e\000r\000i\000m\000e\000n\000t\000a\000l\000\040\000E\000v\000a\000l\000u\000a\000t\000i\000o\000n}{subsection.2.5.1}% 41
\BOOKMARK [3][-]{subsubsection.2.5.1.5}{\376\377\0002\000.\0005\000.\0001\000.\0005\000\040\000D\000a\000t\000a\000s\000e\000t\000\040\000M\000a\000n\000a\000g\000e\000m\000e\000n\000t}{subsection.2.5.1}% 42
\BOOKMARK [2][-]{subsection.2.5.2}{\376\377\0002\000.\0005\000.\0002\000\040\000C\000o\000n\000f\000i\000g\000u\000r\000a\000t\000i\000o\000n\000\040\000S\000y\000s\000t\000e\000m}{section.2.5}% 43
\BOOKMARK [1][-]{section.2.6}{\376\377\0002\000.\0006\000\040\000R\000o\000o\000t\000-\000L\000e\000v\000e\000l\000\040\000F\000i\000l\000e\000s}{chapter.2}% 44
\BOOKMARK [1][-]{section.2.7}{\376\377\0002\000.\0007\000\040\000D\000e\000v\000e\000l\000o\000p\000m\000e\000n\000t\000\040\000a\000n\000d\000\040\000T\000e\000s\000t\000i\000n\000g}{chapter.2}% 45
\BOOKMARK [2][-]{subsection.2.7.1}{\376\377\0002\000.\0007\000.\0001\000\040\000R\000u\000n\000n\000i\000n\000g\000\040\000T\000e\000s\000t\000s}{section.2.7}% 46
\BOOKMARK [2][-]{subsection.2.7.2}{\376\377\0002\000.\0007\000.\0002\000\040\000C\000o\000d\000e\000\040\000Q\000u\000a\000l\000i\000t\000y}{section.2.7}% 47
\BOOKMARK [2][-]{subsection.2.7.3}{\376\377\0002\000.\0007\000.\0003\000\040\000L\000o\000g\000g\000i\000n\000g\000\040\000a\000n\000d\000\040\000M\000o\000n\000i\000t\000o\000r\000i\000n\000g}{section.2.7}% 48
\BOOKMARK [1][-]{section.2.8}{\376\377\0002\000.\0008\000\040\000E\000x\000p\000e\000c\000t\000e\000d\000\040\000P\000e\000r\000f\000o\000r\000m\000a\000n\000c\000e\000\040\000a\000n\000d\000\040\000D\000e\000s\000i\000g\000n\000\040\000C\000h\000o\000i\000c\000e\000s}{chapter.2}% 49
\BOOKMARK [2][-]{subsection.2.8.1}{\376\377\0002\000.\0008\000.\0001\000\040\000D\000a\000t\000a\000s\000e\000t\000\040\000C\000r\000e\000a\000t\000i\000o\000n}{section.2.8}% 50
\BOOKMARK [2][-]{subsection.2.8.2}{\376\377\0002\000.\0008\000.\0002\000\040\000P\000u\000z\000z\000l\000e\000\040\000G\000e\000n\000e\000r\000a\000t\000i\000o\000n}{section.2.8}% 51
\BOOKMARK [2][-]{subsection.2.8.3}{\376\377\0002\000.\0008\000.\0003\000\040\000L\000L\000M\000\040\000E\000v\000a\000l\000u\000a\000t\000i\000o\000n}{section.2.8}% 52
\BOOKMARK [1][-]{section.2.9}{\376\377\0002\000.\0009\000\040\000C\000o\000n\000t\000r\000i\000b\000u\000t\000i\000n\000g}{chapter.2}% 53
\BOOKMARK [1][-]{section.2.10}{\376\377\0002\000.\0001\0000\000\040\000A\000c\000a\000d\000e\000m\000i\000c\000\040\000C\000o\000n\000t\000e\000x\000t}{chapter.2}% 54
\BOOKMARK [0][-]{chapter.3}{\376\377\0003\000\040\000N\000a\000m\000e\000s\000p\000a\000c\000e\000\040\000I\000n\000d\000e\000x}{}% 55
\BOOKMARK [1][-]{section.3.1}{\376\377\0003\000.\0001\000\040\000N\000a\000m\000e\000s\000p\000a\000c\000e\000\040\000L\000i\000s\000t}{chapter.3}% 56
\BOOKMARK [0][-]{chapter.4}{\376\377\0004\000\040\000H\000i\000e\000r\000a\000r\000c\000h\000i\000c\000a\000l\000\040\000I\000n\000d\000e\000x}{}% 57
\BOOKMARK [1][-]{section.4.1}{\376\377\0004\000.\0001\000\040\000C\000l\000a\000s\000s\000\040\000H\000i\000e\000r\000a\000r\000c\000h\000y}{chapter.4}% 58
\BOOKMARK [0][-]{chapter.5}{\376\377\0005\000\040\000C\000l\000a\000s\000s\000\040\000I\000n\000d\000e\000x}{}% 59
\BOOKMARK [1][-]{section.5.1}{\376\377\0005\000.\0001\000\040\000C\000l\000a\000s\000s\000\040\000L\000i\000s\000t}{chapter.5}% 60
\BOOKMARK [0][-]{chapter.6}{\376\377\0006\000\040\000F\000i\000l\000e\000\040\000I\000n\000d\000e\000x}{}% 61
\BOOKMARK [1][-]{section.6.1}{\376\377\0006\000.\0001\000\040\000F\000i\000l\000e\000\040\000L\000i\000s\000t}{chapter.6}% 62
\BOOKMARK [0][-]{chapter.7}{\376\377\0007\000\040\000N\000a\000m\000e\000s\000p\000a\000c\000e\000\040\000D\000o\000c\000u\000m\000e\000n\000t\000a\000t\000i\000o\000n}{}% 63
\BOOKMARK [1][-]{section.7.1}{\376\377\0007\000.\0001\000\040\000b\000u\000d\000d\000h\000i\000\137\000p\000r\000a\000g\000a\000t\000i\000\040\000N\000a\000m\000e\000s\000p\000a\000c\000e\000\040\000R\000e\000f\000e\000r\000e\000n\000c\000e}{chapter.7}% 64
\BOOKMARK [2][-]{subsection.7.1.1}{\376\377\0007\000.\0001\000.\0001\000\040\000D\000e\000t\000a\000i\000l\000e\000d\000\040\000D\000e\000s\000c\000r\000i\000p\000t\000i\000o\000n}{section.7.1}% 65
\BOOKMARK [1][-]{section.7.2}{\376\377\0007\000.\0002\000\040\000b\000u\000d\000d\000h\000i\000\137\000p\000r\000a\000g\000a\000t\000i\000.\000c\000o\000r\000e\000\040\000N\000a\000m\000e\000s\000p\000a\000c\000e\000\040\000R\000e\000f\000e\000r\000e\000n\000c\000e}{chapter.7}% 66
\BOOKMARK [2][-]{subsection.7.2.1}{\376\377\0007\000.\0002\000.\0001\000\040\000D\000e\000t\000a\000i\000l\000e\000d\000\040\000D\000e\000s\000c\000r\000i\000p\000t\000i\000o\000n}{section.7.2}% 67
\BOOKMARK [1][-]{section.7.3}{\376\377\0007\000.\0003\000\040\000b\000u\000d\000d\000h\000i\000\137\000p\000r\000a\000g\000a\000t\000i\000.\000c\000o\000r\000e\000.\000b\000a\000s\000e\000\137\000e\000v\000a\000l\000u\000a\000t\000o\000r\000\040\000N\000a\000m\000e\000s\000p\000a\000c\000e\000\040\000R\000e\000f\000e\000r\000e\000n\000c\000e}{chapter.7}% 68
\BOOKMARK [2][-]{subsection.7.3.1}{\376\377\0007\000.\0003\000.\0001\000\040\000D\000e\000t\000a\000i\000l\000e\000d\000\040\000D\000e\000s\000c\000r\000i\000p\000t\000i\000o\000n}{section.7.3}% 69
\BOOKMARK [1][-]{section.7.4}{\376\377\0007\000.\0004\000\040\000b\000u\000d\000d\000h\000i\000\137\000p\000r\000a\000g\000a\000t\000i\000.\000c\000o\000r\000e\000.\000b\000a\000s\000e\000\137\000p\000u\000z\000z\000l\000e\000\040\000N\000a\000m\000e\000s\000p\000a\000c\000e\000\040\000R\000e\000f\000e\000r\000e\000n\000c\000e}{chapter.7}% 70
\BOOKMARK [2][-]{subsection.7.4.1}{\376\377\0007\000.\0004\000.\0001\000\040\000D\000e\000t\000a\000i\000l\000e\000d\000\040\000D\000e\000s\000c\000r\000i\000p\000t\000i\000o\000n}{section.7.4}% 71
\BOOKMARK [1][-]{section.7.5}{\376\377\0007\000.\0005\000\040\000b\000u\000d\000d\000h\000i\000\137\000p\000r\000a\000g\000a\000t\000i\000.\000d\000a\000t\000a\000\040\000N\000a\000m\000e\000s\000p\000a\000c\000e\000\040\000R\000e\000f\000e\000r\000e\000n\000c\000e}{chapter.7}% 72
\BOOKMARK [2][-]{subsection.7.5.1}{\376\377\0007\000.\0005\000.\0001\000\040\000D\000e\000t\000a\000i\000l\000e\000d\000\040\000D\000e\000s\000c\000r\000i\000p\000t\000i\000o\000n}{section.7.5}% 73
\BOOKMARK [1][-]{section.7.6}{\376\377\0007\000.\0006\000\040\000b\000u\000d\000d\000h\000i\000\137\000p\000r\000a\000g\000a\000t\000i\000.\000d\000a\000t\000a\000.\000d\000a\000t\000a\000\137\000s\000t\000r\000u\000c\000t\000u\000r\000e\000\040\000N\000a\000m\000e\000s\000p\000a\000c\000e\000\040\000R\000e\000f\000e\000r\000e\000n\000c\000e}{chapter.7}% 74
\BOOKMARK [2][-]{subsection.7.6.1}{\376\377\0007\000.\0006\000.\0001\000\040\000D\000e\000t\000a\000i\000l\000e\000d\000\040\000D\000e\000s\000c\000r\000i\000p\000t\000i\000o\000n}{section.7.6}% 75
\BOOKMARK [1][-]{section.7.7}{\376\377\0007\000.\0007\000\040\000b\000u\000d\000d\000h\000i\000\137\000p\000r\000a\000g\000a\000t\000i\000.\000d\000a\000t\000a\000.\000d\000a\000t\000a\000s\000e\000t\000\137\000b\000u\000i\000l\000d\000e\000r\000\040\000N\000a\000m\000e\000s\000p\000a\000c\000e\000\040\000R\000e\000f\000e\000r\000e\000n\000c\000e}{chapter.7}% 76
\BOOKMARK [2][-]{subsection.7.7.1}{\376\377\0007\000.\0007\000.\0001\000\040\000D\000e\000t\000a\000i\000l\000e\000d\000\040\000D\000e\000s\000c\000r\000i\000p\000t\000i\000o\000n}{section.7.7}% 77
\BOOKMARK [2][-]{subsection.7.7.2}{\376\377\0007\000.\0007\000.\0002\000\040\000V\000a\000r\000i\000a\000b\000l\000e\000\040\000D\000o\000c\000u\000m\000e\000n\000t\000a\000t\000i\000o\000n}{section.7.7}% 78
\BOOKMARK [3][-]{subsubsection.7.7.2.1}{\376\377\0007\000.\0007\000.\0002\000.\0001\000\040\000l\000o\000g\000g\000e\000r}{subsection.7.7.2}% 79
\BOOKMARK [1][-]{section.7.8}{\376\377\0007\000.\0008\000\040\000b\000u\000d\000d\000h\000i\000\137\000p\000r\000a\000g\000a\000t\000i\000.\000d\000a\000t\000a\000.\000l\000o\000c\000a\000l\000\137\000b\000a\000c\000k\000u\000p\000\137\000m\000a\000n\000a\000g\000e\000r\000\040\000N\000a\000m\000e\000s\000p\000a\000c\000e\000\040\000R\000e\000f\000e\000r\000e\000n\000c\000e}{chapter.7}% 80
\BOOKMARK [2][-]{subsection.7.8.1}{\376\377\0007\000.\0008\000.\0001\000\040\000D\000e\000t\000a\000i\000l\000e\000d\000\040\000D\000e\000s\000c\000r\000i\000p\000t\000i\000o\000n}{section.7.8}% 81
\BOOKMARK [2][-]{subsection.7.8.2}{\376\377\0007\000.\0008\000.\0002\000\040\000V\000a\000r\000i\000a\000b\000l\000e\000\040\000D\000o\000c\000u\000m\000e\000n\000t\000a\000t\000i\000o\000n}{section.7.8}% 82
\BOOKMARK [3][-]{subsubsection.7.8.2.1}{\376\377\0007\000.\0008\000.\0002\000.\0001\000\040\000l\000o\000g\000g\000e\000r}{subsection.7.8.2}% 83
\BOOKMARK [1][-]{section.7.9}{\376\377\0007\000.\0009\000\040\000b\000u\000d\000d\000h\000i\000\137\000p\000r\000a\000g\000a\000t\000i\000.\000d\000a\000t\000a\000.\000s\000o\000u\000r\000c\000e\000\137\000p\000r\000o\000c\000e\000s\000s\000o\000r\000s\000\040\000N\000a\000m\000e\000s\000p\000a\000c\000e\000\040\000R\000e\000f\000e\000r\000e\000n\000c\000e}{chapter.7}% 84
\BOOKMARK [2][-]{subsection.7.9.1}{\376\377\0007\000.\0009\000.\0001\000\040\000D\000e\000t\000a\000i\000l\000e\000d\000\040\000D\000e\000s\000c\000r\000i\000p\000t\000i\000o\000n}{section.7.9}% 85
\BOOKMARK [1][-]{section.7.10}{\376\377\0007\000.\0001\0000\000\040\000b\000u\000d\000d\000h\000i\000\137\000p\000r\000a\000g\000a\000t\000i\000.\000d\000a\000t\000a\000.\000s\000o\000u\000r\000c\000e\000\137\000p\000r\000o\000c\000e\000s\000s\000o\000r\000s\000.\000b\000h\000a\000s\000h\000a\000\137\000w\000i\000k\000i\000\137\000p\000r\000o\000c\000e\000s\000s\000o\000r\000\040\000N\000a\000m\000e\000s\000p\000a\000c\000e\000\040\000R\000e\000f\000e\000r\000e\000n\000c\000e}{chapter.7}% 86
\BOOKMARK [2][-]{subsection.7.10.1}{\376\377\0007\000.\0001\0000\000.\0001\000\040\000D\000e\000t\000a\000i\000l\000e\000d\000\040\000D\000e\000s\000c\000r\000i\000p\000t\000i\000o\000n}{section.7.10}% 87
\BOOKMARK [2][-]{subsection.7.10.2}{\376\377\0007\000.\0001\0000\000.\0002\000\040\000V\000a\000r\000i\000a\000b\000l\000e\000\040\000D\000o\000c\000u\000m\000e\000n\000t\000a\000t\000i\000o\000n}{section.7.10}% 88
\BOOKMARK [3][-]{subsubsection.7.10.2.1}{\376\377\0007\000.\0001\0000\000.\0002\000.\0001\000\040\000l\000o\000g\000g\000e\000r}{subsection.7.10.2}% 89
\BOOKMARK [1][-]{section.7.11}{\376\377\0007\000.\0001\0001\000\040\000b\000u\000d\000d\000h\000i\000\137\000p\000r\000a\000g\000a\000t\000i\000.\000d\000a\000t\000a\000.\000s\000o\000u\000r\000c\000e\000\137\000p\000r\000o\000c\000e\000s\000s\000o\000r\000s\000.\000i\000n\000d\000i\000c\000\137\000w\000i\000k\000i\000b\000i\000o\000\137\000p\000r\000o\000c\000e\000s\000s\000o\000r\000\040\000N\000a\000m\000e\000s\000p\000a\000c\000e\000\040\000R\000e\000f\000e\000r\000e\000n\000c\000e}{chapter.7}% 90
\BOOKMARK [2][-]{subsection.7.11.1}{\376\377\0007\000.\0001\0001\000.\0001\000\040\000D\000e\000t\000a\000i\000l\000e\000d\000\040\000D\000e\000s\000c\000r\000i\000p\000t\000i\000o\000n}{section.7.11}% 91
\BOOKMARK [2][-]{subsection.7.11.2}{\376\377\0007\000.\0001\0001\000.\0002\000\040\000V\000a\000r\000i\000a\000b\000l\000e\000\040\000D\000o\000c\000u\000m\000e\000n\000t\000a\000t\000i\000o\000n}{section.7.11}% 92
\BOOKMARK [3][-]{subsubsection.7.11.2.1}{\376\377\0007\000.\0001\0001\000.\0002\000.\0001\000\040\000l\000o\000g\000g\000e\000r}{subsection.7.11.2}% 93
\BOOKMARK [1][-]{section.7.12}{\376\377\0007\000.\0001\0002\000\040\000b\000u\000d\000d\000h\000i\000\137\000p\000r\000a\000g\000a\000t\000i\000.\000d\000a\000t\000a\000.\000s\000o\000u\000r\000c\000e\000\137\000p\000r\000o\000c\000e\000s\000s\000o\000r\000s\000.\000i\000n\000d\000o\000w\000o\000r\000d\000n\000e\000t\000\137\000p\000r\000o\000c\000e\000s\000s\000o\000r\000\040\000N\000a\000m\000e\000s\000p\000a\000c\000e\000\040\000R\000e\000f\000e\000r\000e\000n\000c\000e}{chapter.7}% 94
\BOOKMARK [2][-]{subsection.7.12.1}{\376\377\0007\000.\0001\0002\000.\0001\000\040\000D\000e\000t\000a\000i\000l\000e\000d\000\040\000D\000e\000s\000c\000r\000i\000p\000t\000i\000o\000n}{section.7.12}% 95
\BOOKMARK [2][-]{subsection.7.12.2}{\376\377\0007\000.\0001\0002\000.\0002\000\040\000V\000a\000r\000i\000a\000b\000l\000e\000\040\000D\000o\000c\000u\000m\000e\000n\000t\000a\000t\000i\000o\000n}{section.7.12}% 96
\BOOKMARK [3][-]{subsubsection.7.12.2.1}{\376\377\0007\000.\0001\0002\000.\0002\000.\0001\000\040\000l\000o\000g\000g\000e\000r}{subsection.7.12.2}% 97
\BOOKMARK [1][-]{section.7.13}{\376\377\0007\000.\0001\0003\000\040\000b\000u\000d\000d\000h\000i\000\137\000p\000r\000a\000g\000a\000t\000i\000.\000d\000a\000t\000a\000.\000s\000o\000u\000r\000c\000e\000\137\000p\000r\000o\000c\000e\000s\000s\000o\000r\000s\000.\000m\000i\000l\000u\000\137\000p\000r\000o\000c\000e\000s\000s\000o\000r\000\040\000N\000a\000m\000e\000s\000p\000a\000c\000e\000\040\000R\000e\000f\000e\000r\000e\000n\000c\000e}{chapter.7}% 98
\BOOKMARK [2][-]{subsection.7.13.1}{\376\377\0007\000.\0001\0003\000.\0001\000\040\000D\000e\000t\000a\000i\000l\000e\000d\000\040\000D\000e\000s\000c\000r\000i\000p\000t\000i\000o\000n}{section.7.13}% 99
\BOOKMARK [2][-]{subsection.7.13.2}{\376\377\0007\000.\0001\0003\000.\0002\000\040\000V\000a\000r\000i\000a\000b\000l\000e\000\040\000D\000o\000c\000u\000m\000e\000n\000t\000a\000t\000i\000o\000n}{section.7.13}% 100
\BOOKMARK [3][-]{subsubsection.7.13.2.1}{\376\377\0007\000.\0001\0003\000.\0002\000.\0001\000\040\000l\000o\000g\000g\000e\000r}{subsection.7.13.2}% 101
\BOOKMARK [1][-]{section.7.14}{\376\377\0007\000.\0001\0004\000\040\000b\000u\000d\000d\000h\000i\000\137\000p\000r\000a\000g\000a\000t\000i\000.\000e\000v\000a\000l\000u\000a\000t\000e\000\040\000N\000a\000m\000e\000s\000p\000a\000c\000e\000\040\000R\000e\000f\000e\000r\000e\000n\000c\000e}{chapter.7}% 102
\BOOKMARK [2][-]{subsection.7.14.1}{\376\377\0007\000.\0001\0004\000.\0001\000\040\000D\000e\000t\000a\000i\000l\000e\000d\000\040\000D\000e\000s\000c\000r\000i\000p\000t\000i\000o\000n}{section.7.14}% 103
\BOOKMARK [1][-]{section.7.15}{\376\377\0007\000.\0001\0005\000\040\000b\000u\000d\000d\000h\000i\000\137\000p\000r\000a\000g\000a\000t\000i\000.\000e\000v\000a\000l\000u\000a\000t\000e\000.\000d\000a\000t\000a\000s\000e\000t\000\137\000l\000o\000a\000d\000e\000r\000\040\000N\000a\000m\000e\000s\000p\000a\000c\000e\000\040\000R\000e\000f\000e\000r\000e\000n\000c\000e}{chapter.7}% 104
\BOOKMARK [2][-]{subsection.7.15.1}{\376\377\0007\000.\0001\0005\000.\0001\000\040\000D\000e\000t\000a\000i\000l\000e\000d\000\040\000D\000e\000s\000c\000r\000i\000p\000t\000i\000o\000n}{section.7.15}% 105
\BOOKMARK [2][-]{subsection.7.15.2}{\376\377\0007\000.\0001\0005\000.\0002\000\040\000V\000a\000r\000i\000a\000b\000l\000e\000\040\000D\000o\000c\000u\000m\000e\000n\000t\000a\000t\000i\000o\000n}{section.7.15}% 106
\BOOKMARK [3][-]{subsubsection.7.15.2.1}{\376\377\0007\000.\0001\0005\000.\0002\000.\0001\000\040\000H\000F\000\137\000A\000V\000A\000I\000L\000A\000B\000L\000E}{subsection.7.15.2}% 107
\BOOKMARK [1][-]{section.7.16}{\376\377\0007\000.\0001\0006\000\040\000b\000u\000d\000d\000h\000i\000\137\000p\000r\000a\000g\000a\000t\000i\000.\000e\000v\000a\000l\000u\000a\000t\000e\000.\000e\000v\000a\000l\000u\000a\000t\000o\000r\000\040\000N\000a\000m\000e\000s\000p\000a\000c\000e\000\040\000R\000e\000f\000e\000r\000e\000n\000c\000e}{chapter.7}% 108
\BOOKMARK [2][-]{subsection.7.16.1}{\376\377\0007\000.\0001\0006\000.\0001\000\040\000D\000e\000t\000a\000i\000l\000e\000d\000\040\000D\000e\000s\000c\000r\000i\000p\000t\000i\000o\000n}{section.7.16}% 109
\BOOKMARK [1][-]{section.7.17}{\376\377\0007\000.\0001\0007\000\040\000b\000u\000d\000d\000h\000i\000\137\000p\000r\000a\000g\000a\000t\000i\000.\000e\000v\000a\000l\000u\000a\000t\000e\000.\000e\000x\000p\000e\000r\000i\000m\000e\000n\000t\000\137\000r\000u\000n\000n\000e\000r\000\040\000N\000a\000m\000e\000s\000p\000a\000c\000e\000\040\000R\000e\000f\000e\000r\000e\000n\000c\000e}{chapter.7}% 110
\BOOKMARK [2][-]{subsection.7.17.1}{\376\377\0007\000.\0001\0007\000.\0001\000\040\000D\000e\000t\000a\000i\000l\000e\000d\000\040\000D\000e\000s\000c\000r\000i\000p\000t\000i\000o\000n}{section.7.17}% 111
\BOOKMARK [1][-]{section.7.18}{\376\377\0007\000.\0001\0008\000\040\000b\000u\000d\000d\000h\000i\000\137\000p\000r\000a\000g\000a\000t\000i\000.\000e\000v\000a\000l\000u\000a\000t\000e\000.\000m\000e\000t\000r\000i\000c\000s\000\040\000N\000a\000m\000e\000s\000p\000a\000c\000e\000\040\000R\000e\000f\000e\000r\000e\000n\000c\000e}{chapter.7}% 112
\BOOKMARK [2][-]{subsection.7.18.1}{\376\377\0007\000.\0001\0008\000.\0001\000\040\000D\000e\000t\000a\000i\000l\000e\000d\000\040\000D\000e\000s\000c\000r\000i\000p\000t\000i\000o\000n}{section.7.18}% 113
\BOOKMARK [1][-]{section.7.19}{\376\377\0007\000.\0001\0009\000\040\000b\000u\000d\000d\000h\000i\000\137\000p\000r\000a\000g\000a\000t\000i\000.\000e\000v\000a\000l\000u\000a\000t\000e\000.\000m\000o\000d\000e\000l\000\137\000c\000l\000a\000s\000s\000i\000f\000i\000e\000r\000\040\000N\000a\000m\000e\000s\000p\000a\000c\000e\000\040\000R\000e\000f\000e\000r\000e\000n\000c\000e}{chapter.7}% 114
\BOOKMARK [2][-]{subsection.7.19.1}{\376\377\0007\000.\0001\0009\000.\0001\000\040\000D\000e\000t\000a\000i\000l\000e\000d\000\040\000D\000e\000s\000c\000r\000i\000p\000t\000i\000o\000n}{section.7.19}% 115
\BOOKMARK [1][-]{section.7.20}{\376\377\0007\000.\0002\0000\000\040\000b\000u\000d\000d\000h\000i\000\137\000p\000r\000a\000g\000a\000t\000i\000.\000e\000v\000a\000l\000u\000a\000t\000e\000.\000p\000a\000r\000s\000e\000r\000\040\000N\000a\000m\000e\000s\000p\000a\000c\000e\000\040\000R\000e\000f\000e\000r\000e\000n\000c\000e}{chapter.7}% 116
\BOOKMARK [2][-]{subsection.7.20.1}{\376\377\0007\000.\0002\0000\000.\0001\000\040\000D\000e\000t\000a\000i\000l\000e\000d\000\040\000D\000e\000s\000c\000r\000i\000p\000t\000i\000o\000n}{section.7.20}% 117
\BOOKMARK [1][-]{section.7.21}{\376\377\0007\000.\0002\0001\000\040\000b\000u\000d\000d\000h\000i\000\137\000p\000r\000a\000g\000a\000t\000i\000.\000e\000v\000a\000l\000u\000a\000t\000e\000.\000r\000e\000s\000u\000l\000t\000s\000\137\000m\000a\000n\000a\000g\000e\000r\000\040\000N\000a\000m\000e\000s\000p\000a\000c\000e\000\040\000R\000e\000f\000e\000r\000e\000n\000c\000e}{chapter.7}% 118
\BOOKMARK [2][-]{subsection.7.21.1}{\376\377\0007\000.\0002\0001\000.\0001\000\040\000D\000e\000t\000a\000i\000l\000e\000d\000\040\000D\000e\000s\000c\000r\000i\000p\000t\000i\000o\000n}{section.7.21}% 119
\BOOKMARK [1][-]{section.7.22}{\376\377\0007\000.\0002\0002\000\040\000b\000u\000d\000d\000h\000i\000\137\000p\000r\000a\000g\000a\000t\000i\000.\000e\000v\000a\000l\000u\000a\000t\000e\000.\000t\000e\000m\000p\000l\000a\000t\000e\000s\000\040\000N\000a\000m\000e\000s\000p\000a\000c\000e\000\040\000R\000e\000f\000e\000r\000e\000n\000c\000e}{chapter.7}% 120
\BOOKMARK [2][-]{subsection.7.22.1}{\376\377\0007\000.\0002\0002\000.\0001\000\040\000D\000e\000t\000a\000i\000l\000e\000d\000\040\000D\000e\000s\000c\000r\000i\000p\000t\000i\000o\000n}{section.7.22}% 121
\BOOKMARK [1][-]{section.7.23}{\376\377\0007\000.\0002\0003\000\040\000b\000u\000d\000d\000h\000i\000\137\000p\000r\000a\000g\000a\000t\000i\000.\000e\000x\000p\000e\000r\000i\000m\000e\000n\000t\000s\000\040\000N\000a\000m\000e\000s\000p\000a\000c\000e\000\040\000R\000e\000f\000e\000r\000e\000n\000c\000e}{chapter.7}% 122
\BOOKMARK [2][-]{subsection.7.23.1}{\376\377\0007\000.\0002\0003\000.\0001\000\040\000D\000e\000t\000a\000i\000l\000e\000d\000\040\000D\000e\000s\000c\000r\000i\000p\000t\000i\000o\000n}{section.7.23}% 123
\BOOKMARK [1][-]{section.7.24}{\376\377\0007\000.\0002\0004\000\040\000b\000u\000d\000d\000h\000i\000\137\000p\000r\000a\000g\000a\000t\000i\000.\000g\000e\000n\000e\000r\000a\000t\000e\000\040\000N\000a\000m\000e\000s\000p\000a\000c\000e\000\040\000R\000e\000f\000e\000r\000e\000n\000c\000e}{chapter.7}% 124
\BOOKMARK [2][-]{subsection.7.24.1}{\376\377\0007\000.\0002\0004\000.\0001\000\040\000D\000e\000t\000a\000i\000l\000e\000d\000\040\000D\000e\000s\000c\000r\000i\000p\000t\000i\000o\000n}{section.7.24}% 125
\BOOKMARK [1][-]{section.7.25}{\376\377\0007\000.\0002\0005\000\040\000b\000u\000d\000d\000h\000i\000\137\000p\000r\000a\000g\000a\000t\000i\000.\000g\000e\000n\000e\000r\000a\000t\000e\000.\000c\000o\000r\000p\000u\000s\000\137\000l\000o\000a\000d\000e\000r\000\040\000N\000a\000m\000e\000s\000p\000a\000c\000e\000\040\000R\000e\000f\000e\000r\000e\000n\000c\000e}{chapter.7}% 126
\BOOKMARK [2][-]{subsection.7.25.1}{\376\377\0007\000.\0002\0005\000.\0001\000\040\000D\000e\000t\000a\000i\000l\000e\000d\000\040\000D\000e\000s\000c\000r\000i\000p\000t\000i\000o\000n}{section.7.25}% 127
\BOOKMARK [2][-]{subsection.7.25.2}{\376\377\0007\000.\0002\0005\000.\0002\000\040\000V\000a\000r\000i\000a\000b\000l\000e\000\040\000D\000o\000c\000u\000m\000e\000n\000t\000a\000t\000i\000o\000n}{section.7.25}% 128
\BOOKMARK [3][-]{subsubsection.7.25.2.1}{\376\377\0007\000.\0002\0005\000.\0002\000.\0001\000\040\000l\000o\000g\000g\000e\000r}{subsection.7.25.2}% 129
\BOOKMARK [1][-]{section.7.26}{\376\377\0007\000.\0002\0006\000\040\000b\000u\000d\000d\000h\000i\000\137\000p\000r\000a\000g\000a\000t\000i\000.\000g\000e\000n\000e\000r\000a\000t\000e\000.\000h\000f\000\137\000u\000p\000l\000o\000a\000d\000e\000r\000\040\000N\000a\000m\000e\000s\000p\000a\000c\000e\000\040\000R\000e\000f\000e\000r\000e\000n\000c\000e}{chapter.7}% 130
\BOOKMARK [2][-]{subsection.7.26.1}{\376\377\0007\000.\0002\0006\000.\0001\000\040\000D\000e\000t\000a\000i\000l\000e\000d\000\040\000D\000e\000s\000c\000r\000i\000p\000t\000i\000o\000n}{section.7.26}% 131
\BOOKMARK [2][-]{subsection.7.26.2}{\376\377\0007\000.\0002\0006\000.\0002\000\040\000V\000a\000r\000i\000a\000b\000l\000e\000\040\000D\000o\000c\000u\000m\000e\000n\000t\000a\000t\000i\000o\000n}{section.7.26}% 132
\BOOKMARK [3][-]{subsubsection.7.26.2.1}{\376\377\0007\000.\0002\0006\000.\0002\000.\0001\000\040\000l\000o\000g\000g\000e\000r}{subsection.7.26.2}% 133
\BOOKMARK [1][-]{section.7.27}{\376\377\0007\000.\0002\0007\000\040\000b\000u\000d\000d\000h\000i\000\137\000p\000r\000a\000g\000a\000t\000i\000.\000g\000e\000n\000e\000r\000a\000t\000e\000.\000m\000e\000m\000e\000t\000i\000c\000\137\000g\000e\000n\000e\000r\000a\000t\000o\000r\000\040\000N\000a\000m\000e\000s\000p\000a\000c\000e\000\040\000R\000e\000f\000e\000r\000e\000n\000c\000e}{chapter.7}% 134
\BOOKMARK [2][-]{subsection.7.27.1}{\376\377\0007\000.\0002\0007\000.\0001\000\040\000D\000e\000t\000a\000i\000l\000e\000d\000\040\000D\000e\000s\000c\000r\000i\000p\000t\000i\000o\000n}{section.7.27}% 135
\BOOKMARK [2][-]{subsection.7.27.2}{\376\377\0007\000.\0002\0007\000.\0002\000\040\000V\000a\000r\000i\000a\000b\000l\000e\000\040\000D\000o\000c\000u\000m\000e\000n\000t\000a\000t\000i\000o\000n}{section.7.27}% 136
\BOOKMARK [3][-]{subsubsection.7.27.2.1}{\376\377\0007\000.\0002\0007\000.\0002\000.\0001\000\040\000l\000o\000g\000g\000e\000r}{subsection.7.27.2}% 137
\BOOKMARK [1][-]{section.7.28}{\376\377\0007\000.\0002\0008\000\040\000b\000u\000d\000d\000h\000i\000\137\000p\000r\000a\000g\000a\000t\000i\000.\000g\000e\000n\000e\000r\000a\000t\000e\000.\000p\000u\000z\000z\000l\000e\000\137\000b\000u\000i\000l\000d\000e\000r\000\040\000N\000a\000m\000e\000s\000p\000a\000c\000e\000\040\000R\000e\000f\000e\000r\000e\000n\000c\000e}{chapter.7}% 138
\BOOKMARK [2][-]{subsection.7.28.1}{\376\377\0007\000.\0002\0008\000.\0001\000\040\000D\000e\000t\000a\000i\000l\000e\000d\000\040\000D\000e\000s\000c\000r\000i\000p\000t\000i\000o\000n}{section.7.28}% 139
\BOOKMARK [2][-]{subsection.7.28.2}{\376\377\0007\000.\0002\0008\000.\0002\000\040\000V\000a\000r\000i\000a\000b\000l\000e\000\040\000D\000o\000c\000u\000m\000e\000n\000t\000a\000t\000i\000o\000n}{section.7.28}% 140
\BOOKMARK [3][-]{subsubsection.7.28.2.1}{\376\377\0007\000.\0002\0008\000.\0002\000.\0001\000\040\000l\000o\000g\000g\000e\000r}{subsection.7.28.2}% 141
\BOOKMARK [1][-]{section.7.29}{\376\377\0007\000.\0002\0009\000\040\000b\000u\000d\000d\000h\000i\000\137\000p\000r\000a\000g\000a\000t\000i\000.\000g\000e\000n\000e\000r\000a\000t\000e\000.\000p\000u\000z\000z\000l\000e\000\137\000e\000n\000t\000r\000y\000\040\000N\000a\000m\000e\000s\000p\000a\000c\000e\000\040\000R\000e\000f\000e\000r\000e\000n\000c\000e}{chapter.7}% 142
\BOOKMARK [2][-]{subsection.7.29.1}{\376\377\0007\000.\0002\0009\000.\0001\000\040\000D\000e\000t\000a\000i\000l\000e\000d\000\040\000D\000e\000s\000c\000r\000i\000p\000t\000i\000o\000n}{section.7.29}% 143
\BOOKMARK [2][-]{subsection.7.29.2}{\376\377\0007\000.\0002\0009\000.\0002\000\040\000V\000a\000r\000i\000a\000b\000l\000e\000\040\000D\000o\000c\000u\000m\000e\000n\000t\000a\000t\000i\000o\000n}{section.7.29}% 144
\BOOKMARK [3][-]{subsubsection.7.29.2.1}{\376\377\0007\000.\0002\0009\000.\0002\000.\0001\000\040\000l\000o\000g\000g\000e\000r}{subsection.7.29.2}% 145
\BOOKMARK [1][-]{section.7.30}{\376\377\0007\000.\0003\0000\000\040\000b\000u\000d\000d\000h\000i\000\137\000p\000r\000a\000g\000a\000t\000i\000.\000g\000e\000n\000e\000r\000a\000t\000e\000.\000p\000u\000z\000z\000l\000e\000\137\000v\000i\000s\000u\000a\000l\000i\000s\000a\000t\000i\000o\000n\000\040\000N\000a\000m\000e\000s\000p\000a\000c\000e\000\040\000R\000e\000f\000e\000r\000e\000n\000c\000e}{chapter.7}% 146
\BOOKMARK [2][-]{subsection.7.30.1}{\376\377\0007\000.\0003\0000\000.\0001\000\040\000D\000e\000t\000a\000i\000l\000e\000d\000\040\000D\000e\000s\000c\000r\000i\000p\000t\000i\000o\000n}{section.7.30}% 147
\BOOKMARK [2][-]{subsection.7.30.2}{\376\377\0007\000.\0003\0000\000.\0002\000\040\000F\000u\000n\000c\000t\000i\000o\000n\000\040\000D\000o\000c\000u\000m\000e\000n\000t\000a\000t\000i\000o\000n}{section.7.30}% 148
\BOOKMARK [3][-]{subsubsection.7.30.2.1}{\376\377\0007\000.\0003\0000\000.\0002\000.\0001\000\040\000d\000i\000s\000p\000l\000a\000y\000\137\000g\000r\000i\000d\000\050\000\051}{subsection.7.30.2}% 149
\BOOKMARK [3][-]{subsubsection.7.30.2.2}{\376\377\0007\000.\0003\0000\000.\0002\000.\0002\000\040\000d\000i\000s\000p\000l\000a\000y\000\137\000p\000u\000z\000z\000l\000e\000\050\000\051}{subsection.7.30.2}% 150
\BOOKMARK [3][-]{subsubsection.7.30.2.3}{\376\377\0007\000.\0003\0000\000.\0002\000.\0003\000\040\000l\000o\000a\000d\000\137\000p\000u\000z\000z\000l\000e\000s\000\050\000\051}{subsection.7.30.2}% 151
\BOOKMARK [3][-]{subsubsection.7.30.2.4}{\376\377\0007\000.\0003\0000\000.\0002\000.\0004\000\040\000m\000a\000i\000n\000\050\000\051}{subsection.7.30.2}% 152
\BOOKMARK [3][-]{subsubsection.7.30.2.5}{\376\377\0007\000.\0003\0000\000.\0002\000.\0005\000\040\000w\000e\000b\000\137\000f\000o\000r\000m\000a\000t\000\050\000\051}{subsection.7.30.2}% 153
\BOOKMARK [1][-]{section.7.31}{\376\377\0007\000.\0003\0001\000\040\000b\000u\000d\000d\000h\000i\000\137\000p\000r\000a\000g\000a\000t\000i\000.\000m\000o\000d\000e\000l\000s\000\040\000N\000a\000m\000e\000s\000p\000a\000c\000e\000\040\000R\000e\000f\000e\000r\000e\000n\000c\000e}{chapter.7}% 154
\BOOKMARK [2][-]{subsection.7.31.1}{\376\377\0007\000.\0003\0001\000.\0001\000\040\000D\000e\000t\000a\000i\000l\000e\000d\000\040\000D\000e\000s\000c\000r\000i\000p\000t\000i\000o\000n}{section.7.31}% 155
\BOOKMARK [1][-]{section.7.32}{\376\377\0007\000.\0003\0002\000\040\000b\000u\000d\000d\000h\000i\000\137\000p\000r\000a\000g\000a\000t\000i\000.\000m\000o\000d\000e\000l\000s\000.\000m\000o\000d\000e\000l\000\137\000i\000n\000t\000e\000r\000f\000a\000c\000e\000\040\000N\000a\000m\000e\000s\000p\000a\000c\000e\000\040\000R\000e\000f\000e\000r\000e\000n\000c\000e}{chapter.7}% 156
\BOOKMARK [2][-]{subsection.7.32.1}{\376\377\0007\000.\0003\0002\000.\0001\000\040\000D\000e\000t\000a\000i\000l\000e\000d\000\040\000D\000e\000s\000c\000r\000i\000p\000t\000i\000o\000n}{section.7.32}% 157
\BOOKMARK [2][-]{subsection.7.32.2}{\376\377\0007\000.\0003\0002\000.\0002\000\040\000F\000u\000n\000c\000t\000i\000o\000n\000\040\000D\000o\000c\000u\000m\000e\000n\000t\000a\000t\000i\000o\000n}{section.7.32}% 158
\BOOKMARK [3][-]{subsubsection.7.32.2.1}{\376\377\0007\000.\0003\0002\000.\0002\000.\0001\000\040\000r\000e\000t\000r\000y\000\137\000w\000i\000t\000h\000\137\000e\000x\000p\000o\000n\000e\000n\000t\000i\000a\000l\000\137\000b\000a\000c\000k\000o\000f\000f\000\050\000\051}{subsection.7.32.2}% 159
\BOOKMARK [3][-]{subsubsection.7.32.2.2}{\376\377\0007\000.\0003\0002\000.\0002\000.\0002\000\040\000v\000a\000l\000i\000d\000a\000t\000e\000\137\000r\000e\000s\000p\000o\000n\000s\000e\000\050\000\051}{subsection.7.32.2}% 160
\BOOKMARK [2][-]{subsection.7.32.3}{\376\377\0007\000.\0003\0002\000.\0003\000\040\000V\000a\000r\000i\000a\000b\000l\000e\000\040\000D\000o\000c\000u\000m\000e\000n\000t\000a\000t\000i\000o\000n}{section.7.32}% 161
\BOOKMARK [3][-]{subsubsection.7.32.3.1}{\376\377\0007\000.\0003\0002\000.\0003\000.\0001\000\040\000H\000F\000\137\000A\000V\000A\000I\000L\000A\000B\000L\000E}{subsection.7.32.3}% 162
\BOOKMARK [3][-]{subsubsection.7.32.3.2}{\376\377\0007\000.\0003\0002\000.\0003\000.\0002\000\040\000p\000i\000p\000e\000l\000i\000n\000e}{subsection.7.32.3}% 163
\BOOKMARK [1][-]{section.7.33}{\376\377\0007\000.\0003\0003\000\040\000b\000u\000d\000d\000h\000i\000\137\000p\000r\000a\000g\000a\000t\000i\000.\000u\000t\000i\000l\000s\000\040\000N\000a\000m\000e\000s\000p\000a\000c\000e\000\040\000R\000e\000f\000e\000r\000e\000n\000c\000e}{chapter.7}% 164
\BOOKMARK [2][-]{subsection.7.33.1}{\376\377\0007\000.\0003\0003\000.\0001\000\040\000D\000e\000t\000a\000i\000l\000e\000d\000\040\000D\000e\000s\000c\000r\000i\000p\000t\000i\000o\000n}{section.7.33}% 165
\BOOKMARK [1][-]{section.7.34}{\376\377\0007\000.\0003\0004\000\040\000b\000u\000d\000d\000h\000i\000\137\000p\000r\000a\000g\000a\000t\000i\000.\000u\000t\000i\000l\000s\000.\000c\000o\000n\000f\000i\000g\000\137\000l\000o\000a\000d\000e\000r\000\040\000N\000a\000m\000e\000s\000p\000a\000c\000e\000\040\000R\000e\000f\000e\000r\000e\000n\000c\000e}{chapter.7}% 166
\BOOKMARK [2][-]{subsection.7.34.1}{\376\377\0007\000.\0003\0004\000.\0001\000\040\000D\000e\000t\000a\000i\000l\000e\000d\000\040\000D\000e\000s\000c\000r\000i\000p\000t\000i\000o\000n}{section.7.34}% 167
\BOOKMARK [2][-]{subsection.7.34.2}{\376\377\0007\000.\0003\0004\000.\0002\000\040\000F\000u\000n\000c\000t\000i\000o\000n\000\040\000D\000o\000c\000u\000m\000e\000n\000t\000a\000t\000i\000o\000n}{section.7.34}% 168
\BOOKMARK [3][-]{subsubsection.7.34.2.1}{\376\377\0007\000.\0003\0004\000.\0002\000.\0001\000\040\000g\000e\000t\000\137\000c\000o\000n\000f\000i\000g\000\050\000\051}{subsection.7.34.2}% 169
\BOOKMARK [3][-]{subsubsection.7.34.2.2}{\376\377\0007\000.\0003\0004\000.\0002\000.\0002\000\040\000r\000e\000l\000o\000a\000d\000\137\000c\000o\000n\000f\000i\000g\000\050\000\051}{subsection.7.34.2}% 170
\BOOKMARK [2][-]{subsection.7.34.3}{\376\377\0007\000.\0003\0004\000.\0003\000\040\000V\000a\000r\000i\000a\000b\000l\000e\000\040\000D\000o\000c\000u\000m\000e\000n\000t\000a\000t\000i\000o\000n}{section.7.34}% 171
\BOOKMARK [3][-]{subsubsection.7.34.3.1}{\376\377\0007\000.\0003\0004\000.\0003\000.\0001\000\040\000\137\000c\000o\000n\000f\000i\000g}{subsection.7.34.3}% 172
\BOOKMARK [3][-]{subsubsection.7.34.3.2}{\376\377\0007\000.\0003\0004\000.\0003\000.\0002\000\040\000l\000o\000g\000g\000e\000r}{subsection.7.34.3}% 173
\BOOKMARK [1][-]{section.7.35}{\376\377\0007\000.\0003\0005\000\040\000b\000u\000d\000d\000h\000i\000\137\000p\000r\000a\000g\000a\000t\000i\000.\000u\000t\000i\000l\000s\000.\000c\000r\000e\000a\000t\000e\000\137\000c\000o\000r\000p\000u\000s\000\040\000N\000a\000m\000e\000s\000p\000a\000c\000e\000\040\000R\000e\000f\000e\000r\000e\000n\000c\000e}{chapter.7}% 174
\BOOKMARK [2][-]{subsection.7.35.1}{\376\377\0007\000.\0003\0005\000.\0001\000\040\000D\000e\000t\000a\000i\000l\000e\000d\000\040\000D\000e\000s\000c\000r\000i\000p\000t\000i\000o\000n}{section.7.35}% 175
\BOOKMARK [2][-]{subsection.7.35.2}{\376\377\0007\000.\0003\0005\000.\0002\000\040\000F\000u\000n\000c\000t\000i\000o\000n\000\040\000D\000o\000c\000u\000m\000e\000n\000t\000a\000t\000i\000o\000n}{section.7.35}% 176
\BOOKMARK [3][-]{subsubsection.7.35.2.1}{\376\377\0007\000.\0003\0005\000.\0002\000.\0001\000\040\000c\000r\000e\000a\000t\000e\000\137\000f\000a\000l\000l\000b\000a\000c\000k\000\137\000c\000o\000r\000p\000u\000s\000\050\000\051}{subsection.7.35.2}% 177
\BOOKMARK [3][-]{subsubsection.7.35.2.2}{\376\377\0007\000.\0003\0005\000.\0002\000.\0002\000\040\000c\000r\000e\000a\000t\000e\000\137\000s\000e\000e\000d\000\137\000c\000o\000r\000p\000u\000s\000\050\000\051}{subsection.7.35.2}% 178
\BOOKMARK [3][-]{subsubsection.7.35.2.3}{\376\377\0007\000.\0003\0005\000.\0002\000.\0003\000\040\000e\000x\000p\000a\000n\000d\000\137\000c\000o\000n\000c\000e\000p\000t\000s\000\137\000w\000i\000t\000h\000\137\000i\000n\000d\000o\000w\000o\000r\000d\000n\000e\000t\000\050\000\051}{subsection.7.35.2}% 179
\BOOKMARK [3][-]{subsubsection.7.35.2.4}{\376\377\0007\000.\0003\0005\000.\0002\000.\0004\000\040\000f\000o\000r\000m\000a\000t\000\137\000c\000o\000r\000p\000u\000s\000\137\000f\000o\000r\000\137\000s\000c\000o\000r\000e\000r\000\050\000\051}{subsection.7.35.2}% 180
\BOOKMARK [3][-]{subsubsection.7.35.2.5}{\376\377\0007\000.\0003\0005\000.\0002\000.\0005\000\040\000l\000o\000a\000d\000\137\000i\000n\000d\000o\000w\000o\000r\000d\000n\000e\000t\000\050\000\051}{subsection.7.35.2}% 181
\BOOKMARK [3][-]{subsubsection.7.35.2.6}{\376\377\0007\000.\0003\0005\000.\0002\000.\0006\000\040\000m\000a\000i\000n\000\050\000\051}{subsection.7.35.2}% 182
\BOOKMARK [3][-]{subsubsection.7.35.2.7}{\376\377\0007\000.\0003\0005\000.\0002\000.\0007\000\040\000s\000a\000v\000e\000\137\000c\000o\000r\000p\000u\000s\000\050\000\051}{subsection.7.35.2}% 183
\BOOKMARK [2][-]{subsection.7.35.3}{\376\377\0007\000.\0003\0005\000.\0003\000\040\000V\000a\000r\000i\000a\000b\000l\000e\000\040\000D\000o\000c\000u\000m\000e\000n\000t\000a\000t\000i\000o\000n}{section.7.35}% 184
\BOOKMARK [3][-]{subsubsection.7.35.3.1}{\376\377\0007\000.\0003\0005\000.\0003\000.\0001\000\040\000f\000o\000r\000m\000a\000t}{subsection.7.35.3}% 185
\BOOKMARK [3][-]{subsubsection.7.35.3.2}{\376\377\0007\000.\0003\0005\000.\0003\000.\0002\000\040\000I\000N\000F\000O}{subsection.7.35.3}% 186
\BOOKMARK [3][-]{subsubsection.7.35.3.3}{\376\377\0007\000.\0003\0005\000.\0003\000.\0003\000\040\000l\000e\000v\000e\000l}{subsection.7.35.3}% 187
\BOOKMARK [3][-]{subsubsection.7.35.3.4}{\376\377\0007\000.\0003\0005\000.\0003\000.\0004\000\040\000l\000o\000g\000g\000e\000r}{subsection.7.35.3}% 188
\BOOKMARK [1][-]{section.7.36}{\376\377\0007\000.\0003\0006\000\040\000b\000u\000d\000d\000h\000i\000\137\000p\000r\000a\000g\000a\000t\000i\000.\000u\000t\000i\000l\000s\000.\000d\000a\000t\000a\000s\000e\000t\000\137\000m\000a\000n\000a\000g\000e\000r\000\040\000N\000a\000m\000e\000s\000p\000a\000c\000e\000\040\000R\000e\000f\000e\000r\000e\000n\000c\000e}{chapter.7}% 189
\BOOKMARK [2][-]{subsection.7.36.1}{\376\377\0007\000.\0003\0006\000.\0001\000\040\000D\000e\000t\000a\000i\000l\000e\000d\000\040\000D\000e\000s\000c\000r\000i\000p\000t\000i\000o\000n}{section.7.36}% 190
\BOOKMARK [2][-]{subsection.7.36.2}{\376\377\0007\000.\0003\0006\000.\0002\000\040\000V\000a\000r\000i\000a\000b\000l\000e\000\040\000D\000o\000c\000u\000m\000e\000n\000t\000a\000t\000i\000o\000n}{section.7.36}% 191
\BOOKMARK [3][-]{subsubsection.7.36.2.1}{\376\377\0007\000.\0003\0006\000.\0002\000.\0001\000\040\000l\000o\000g\000g\000e\000r}{subsection.7.36.2}% 192
\BOOKMARK [1][-]{section.7.37}{\376\377\0007\000.\0003\0007\000\040\000b\000u\000d\000d\000h\000i\000\137\000p\000r\000a\000g\000a\000t\000i\000.\000u\000t\000i\000l\000s\000.\000i\000n\000d\000i\000a\000n\000\137\000c\000o\000n\000t\000e\000x\000t\000\137\000s\000c\000o\000r\000e\000r\000\040\000N\000a\000m\000e\000s\000p\000a\000c\000e\000\040\000R\000e\000f\000e\000r\000e\000n\000c\000e}{chapter.7}% 193
\BOOKMARK [2][-]{subsection.7.37.1}{\376\377\0007\000.\0003\0007\000.\0001\000\040\000D\000e\000t\000a\000i\000l\000e\000d\000\040\000D\000e\000s\000c\000r\000i\000p\000t\000i\000o\000n}{section.7.37}% 194
\BOOKMARK [2][-]{subsection.7.37.2}{\376\377\0007\000.\0003\0007\000.\0002\000\040\000V\000a\000r\000i\000a\000b\000l\000e\000\040\000D\000o\000c\000u\000m\000e\000n\000t\000a\000t\000i\000o\000n}{section.7.37}% 195
\BOOKMARK [3][-]{subsubsection.7.37.2.1}{\376\377\0007\000.\0003\0007\000.\0002\000.\0001\000\040\000l\000o\000g\000g\000e\000r}{subsection.7.37.2}% 196
\BOOKMARK [1][-]{section.7.38}{\376\377\0007\000.\0003\0008\000\040\000b\000u\000d\000d\000h\000i\000\137\000p\000r\000a\000g\000a\000t\000i\000.\000u\000t\000i\000l\000s\000.\000u\000n\000i\000c\000o\000d\000e\000\137\000u\000t\000i\000l\000s\000\040\000N\000a\000m\000e\000s\000p\000a\000c\000e\000\040\000R\000e\000f\000e\000r\000e\000n\000c\000e}{chapter.7}% 197
\BOOKMARK [2][-]{subsection.7.38.1}{\376\377\0007\000.\0003\0008\000.\0001\000\040\000D\000e\000t\000a\000i\000l\000e\000d\000\040\000D\000e\000s\000c\000r\000i\000p\000t\000i\000o\000n}{section.7.38}% 198
\BOOKMARK [2][-]{subsection.7.38.2}{\376\377\0007\000.\0003\0008\000.\0002\000\040\000F\000u\000n\000c\000t\000i\000o\000n\000\040\000D\000o\000c\000u\000m\000e\000n\000t\000a\000t\000i\000o\000n}{section.7.38}% 199
\BOOKMARK [3][-]{subsubsection.7.38.2.1}{\376\377\0007\000.\0003\0008\000.\0002\000.\0001\000\040\000a\000n\000s\000w\000e\000r\000\137\000i\000n\000\137\000c\000l\000u\000e\000\137\000c\000h\000e\000c\000k\000\050\000\051}{subsection.7.38.2}% 200
\BOOKMARK [3][-]{subsubsection.7.38.2.2}{\376\377\0007\000.\0003\0008\000.\0002\000.\0002\000\040\000c\000l\000e\000a\000n\000\137\000u\000n\000i\000c\000o\000d\000e\000\137\000t\000e\000x\000t\000\050\000\051}{subsection.7.38.2}% 201
\BOOKMARK [3][-]{subsubsection.7.38.2.3}{\376\377\0007\000.\0003\0008\000.\0002\000.\0003\000\040\000c\000o\000n\000t\000a\000i\000n\000s\000\137\000l\000a\000t\000i\000n\000\137\000s\000c\000r\000i\000p\000t\000\050\000\051}{subsection.7.38.2}% 202
\BOOKMARK [3][-]{subsubsection.7.38.2.4}{\376\377\0007\000.\0003\0008\000.\0002\000.\0004\000\040\000e\000x\000t\000r\000a\000c\000t\000\137\000f\000i\000r\000s\000t\000\137\000s\000e\000n\000t\000e\000n\000c\000e\000\050\000\051}{subsection.7.38.2}% 203
\BOOKMARK [3][-]{subsubsection.7.38.2.5}{\376\377\0007\000.\0003\0008\000.\0002\000.\0005\000\040\000g\000e\000t\000\137\000s\000c\000r\000i\000p\000t\000\137\000n\000a\000m\000e\000\050\000\051}{subsection.7.38.2}% 204
\BOOKMARK [3][-]{subsubsection.7.38.2.6}{\376\377\0007\000.\0003\0008\000.\0002\000.\0006\000\040\000h\000a\000s\000\137\000m\000u\000l\000t\000i\000p\000l\000e\000\137\000w\000o\000r\000d\000s\000\050\000\051}{subsection.7.38.2}% 205
\BOOKMARK [3][-]{subsubsection.7.38.2.7}{\376\377\0007\000.\0003\0008\000.\0002\000.\0007\000\040\000i\000s\000\137\000a\000l\000p\000h\000a\000b\000e\000t\000i\000c\000\137\000u\000n\000i\000c\000o\000d\000e\000\050\000\051}{subsection.7.38.2}% 206
\BOOKMARK [3][-]{subsubsection.7.38.2.8}{\376\377\0007\000.\0003\0008\000.\0002\000.\0008\000\040\000i\000s\000\137\000p\000r\000e\000d\000o\000m\000i\000n\000a\000n\000t\000l\000y\000\137\000l\000a\000t\000i\000n\000\137\000s\000c\000r\000i\000p\000t\000\050\000\051}{subsection.7.38.2}% 207
